2020-01-13 21:12:55,973 [1] INFO ConsoleApp410.Program - 202001132112559671
2020-01-13 21:12:56,002 [1] ERROR ConsoleApp410.Program - 202001132112560011
2020-01-13 21:12:56,003 [1] DEBUG ConsoleApp410.Program - 202001132112560021
2020-01-13 21:12:56,015 [1] FATAL ConsoleApp410.Program - 202001132112560151
2020-01-13 21:12:56,016 [1] WARN ConsoleApp410.Program - 202001132112560161
2020-01-13 21:12:56,018 [1] INFO ConsoleApp410.Program - 202001132112560181
2020-01-13 21:12:56,019 [1] ERROR ConsoleApp410.Program - 202001132112560191
2020-01-13 21:12:56,019 [1] DEBUG ConsoleApp410.Program - 202001132112560191
2020-01-13 21:12:56,019 [1] FATAL ConsoleApp410.Program - 202001132112560191
2020-01-13 21:12:56,020 [1] WARN ConsoleApp410.Program - 202001132112560201
2020-01-13 21:12:56,033 [1] INFO ConsoleApp410.Program - 202001132112560331
2020-01-13 21:12:56,033 [1] ERROR ConsoleApp410.Program - 202001132112560331
2020-01-13 21:12:56,034 [1] DEBUG ConsoleApp410.Program - 202001132112560341
2020-01-13 21:12:56,034 [1] FATAL ConsoleApp410.Program - 202001132112560341
2020-01-13 21:12:56,035 [1] WARN ConsoleApp410.Program - 202001132112560351
2020-01-13 21:12:56,037 [1] INFO ConsoleApp410.Program - 202001132112560371
2020-01-13 21:12:56,038 [1] ERROR ConsoleApp410.Program - 202001132112560381
2020-01-13 21:12:56,038 [1] DEBUG ConsoleApp410.Program - 202001132112560381
2020-01-13 21:12:56,038 [1] FATAL ConsoleApp410.Program - 202001132112560381
2020-01-13 21:12:56,039 [1] WARN ConsoleApp410.Program - 202001132112560391
2020-01-13 21:12:56,040 [1] INFO ConsoleApp410.Program - 202001132112560401
2020-01-13 21:12:56,041 [1] ERROR ConsoleApp410.Program - 202001132112560411
2020-01-13 21:12:56,041 [1] DEBUG ConsoleApp410.Program - 202001132112560411
2020-01-13 21:12:56,041 [1] FATAL ConsoleApp410.Program - 202001132112560411
2020-01-13 21:12:56,041 [1] WARN ConsoleApp410.Program - 202001132112560411
2020-01-13 21:12:56,045 [1] INFO ConsoleApp410.Program - 202001132112560451
2020-01-13 21:12:56,046 [1] ERROR ConsoleApp410.Program - 202001132112560461
2020-01-13 21:12:56,047 [1] DEBUG ConsoleApp410.Program - 202001132112560471
2020-01-13 21:12:56,047 [1] FATAL ConsoleApp410.Program - 202001132112560471
2020-01-13 21:12:56,048 [1] WARN ConsoleApp410.Program - 202001132112560481
2020-01-13 21:12:56,050 [1] INFO ConsoleApp410.Program - 202001132112560501
2020-01-13 21:12:56,053 [1] ERROR ConsoleApp410.Program - 202001132112560531
2020-01-13 21:12:56,055 [1] DEBUG ConsoleApp410.Program - 202001132112560551
2020-01-13 21:12:56,057 [1] FATAL ConsoleApp410.Program - 202001132112560571
2020-01-13 21:12:56,058 [1] WARN ConsoleApp410.Program - 202001132112560581
2020-01-13 21:12:56,061 [1] INFO ConsoleApp410.Program - 202001132112560611
2020-01-13 21:12:56,065 [1] ERROR ConsoleApp410.Program - 202001132112560651
2020-01-13 21:12:56,068 [1] DEBUG ConsoleApp410.Program - 202001132112560681
2020-01-13 21:12:56,070 [1] FATAL ConsoleApp410.Program - 202001132112560701
2020-01-13 21:12:56,071 [1] WARN ConsoleApp410.Program - 202001132112560711
2020-01-13 21:12:56,076 [1] INFO ConsoleApp410.Program - 202001132112560761
2020-01-13 21:12:56,079 [1] ERROR ConsoleApp410.Program - 202001132112560791
2020-01-13 21:12:56,080 [1] DEBUG ConsoleApp410.Program - 202001132112560801
2020-01-13 21:12:56,083 [1] FATAL ConsoleApp410.Program - 202001132112560831
2020-01-13 21:12:56,084 [1] WARN ConsoleApp410.Program - 202001132112560841
2020-01-13 21:12:56,088 [1] INFO ConsoleApp410.Program - 202001132112560881
2020-01-13 21:12:56,089 [1] ERROR ConsoleApp410.Program - 202001132112560891
2020-01-13 21:12:56,091 [1] DEBUG ConsoleApp410.Program - 202001132112560911
2020-01-13 21:12:56,094 [1] FATAL ConsoleApp410.Program - 202001132112560941
2020-01-13 21:12:56,098 [1] WARN ConsoleApp410.Program - 202001132112560981
