2020-01-13 21:22:12,413 [1] INFO ConsoleApp410.Program - 202001132122124083
2020-01-13 21:22:12,440 [1] ERROR ConsoleApp410.Program - 202001132122124403
2020-01-13 21:22:12,441 [1] DEBUG ConsoleApp410.Program - 202001132122124413
2020-01-13 21:22:12,442 [1] FATAL ConsoleApp410.Program - 202001132122124413
2020-01-13 21:22:12,443 [1] WARN ConsoleApp410.Program - 202001132122124433
2020-01-13 21:22:13,280 [1] INFO ConsoleApp410.Program - 202001132122132793
2020-01-13 21:22:13,281 [1] ERROR ConsoleApp410.Program - 202001132122132813
2020-01-13 21:22:13,281 [1] DEBUG ConsoleApp410.Program - 202001132122132813
2020-01-13 21:22:13,282 [1] FATAL ConsoleApp410.Program - 202001132122132823
2020-01-13 21:22:13,283 [1] WARN ConsoleApp410.Program - 202001132122132833
2020-01-13 21:22:16,087 [1] INFO ConsoleApp410.Program - 202001132122160875
2020-01-13 21:22:16,087 [1] ERROR ConsoleApp410.Program - 202001132122160875
2020-01-13 21:22:16,088 [1] DEBUG ConsoleApp410.Program - 202001132122160885
2020-01-13 21:22:16,088 [1] FATAL ConsoleApp410.Program - 202001132122160885
2020-01-13 21:22:16,088 [1] WARN ConsoleApp410.Program - 202001132122160885
2020-01-13 21:22:16,088 [1] INFO ConsoleApp410.Program - 202001132122160885
2020-01-13 21:22:16,089 [1] ERROR ConsoleApp410.Program - 202001132122160895
2020-01-13 21:22:16,089 [1] DEBUG ConsoleApp410.Program - 202001132122160895
2020-01-13 21:22:16,089 [1] FATAL ConsoleApp410.Program - 202001132122160895
2020-01-13 21:22:16,089 [1] WARN ConsoleApp410.Program - 202001132122160895
2020-01-13 21:22:16,090 [1] INFO ConsoleApp410.Program - 202001132122160905
2020-01-13 21:22:16,090 [1] ERROR ConsoleApp410.Program - 202001132122160905
2020-01-13 21:22:16,091 [1] DEBUG ConsoleApp410.Program - 202001132122160915
2020-01-13 21:22:16,091 [1] FATAL ConsoleApp410.Program - 202001132122160915
2020-01-13 21:22:16,091 [1] WARN ConsoleApp410.Program - 202001132122160915
2020-01-13 21:22:16,092 [1] INFO ConsoleApp410.Program - 202001132122160925
2020-01-13 21:22:16,092 [1] ERROR ConsoleApp410.Program - 202001132122160925
2020-01-13 21:22:16,092 [1] DEBUG ConsoleApp410.Program - 202001132122160925
2020-01-13 21:22:16,092 [1] FATAL ConsoleApp410.Program - 202001132122160925
2020-01-13 21:22:16,093 [1] WARN ConsoleApp410.Program - 202001132122160935
2020-01-13 21:22:16,093 [1] INFO ConsoleApp410.Program - 202001132122160935
2020-01-13 21:22:16,094 [1] ERROR ConsoleApp410.Program - 202001132122160945
2020-01-13 21:22:16,095 [1] DEBUG ConsoleApp410.Program - 202001132122160955
2020-01-13 21:22:16,095 [1] FATAL ConsoleApp410.Program - 202001132122160955
2020-01-13 21:22:16,100 [1] WARN ConsoleApp410.Program - 202001132122161005
2020-01-13 21:22:16,101 [1] INFO ConsoleApp410.Program - 202001132122161015
2020-01-13 21:22:16,102 [1] ERROR ConsoleApp410.Program - 202001132122161025
2020-01-13 21:22:16,103 [1] DEBUG ConsoleApp410.Program - 202001132122161035
2020-01-13 21:22:16,104 [1] FATAL ConsoleApp410.Program - 202001132122161045
2020-01-13 21:22:16,105 [1] WARN ConsoleApp410.Program - 202001132122161055
2020-01-13 21:22:16,106 [1] INFO ConsoleApp410.Program - 202001132122161065
2020-01-13 21:22:16,106 [1] ERROR ConsoleApp410.Program - 202001132122161065
2020-01-13 21:22:16,107 [1] DEBUG ConsoleApp410.Program - 202001132122161075
2020-01-13 21:22:16,110 [1] FATAL ConsoleApp410.Program - 202001132122161105
2020-01-13 21:22:16,111 [1] WARN ConsoleApp410.Program - 202001132122161115
2020-01-13 21:22:16,113 [1] INFO ConsoleApp410.Program - 202001132122161135
2020-01-13 21:22:16,114 [1] ERROR ConsoleApp410.Program - 202001132122161145
2020-01-13 21:22:16,115 [1] DEBUG ConsoleApp410.Program - 202001132122161155
2020-01-13 21:22:16,116 [1] FATAL ConsoleApp410.Program - 202001132122161165
2020-01-13 21:22:16,118 [1] WARN ConsoleApp410.Program - 202001132122161185
2020-01-13 21:23:10,799 [1] INFO ConsoleApp410.Program - 202001132123107932
2020-01-13 21:23:10,821 [1] ERROR ConsoleApp410.Program - 202001132123108202
2020-01-13 21:23:10,821 [1] DEBUG ConsoleApp410.Program - 202001132123108212
2020-01-13 21:23:10,822 [1] FATAL ConsoleApp410.Program - 202001132123108212
2020-01-13 21:23:10,822 [1] WARN ConsoleApp410.Program - 202001132123108222
2020-01-13 21:23:10,822 [1] INFO ConsoleApp410.Program - 202001132123108222
2020-01-13 21:23:10,822 [1] ERROR ConsoleApp410.Program - 202001132123108222
2020-01-13 21:23:10,823 [1] DEBUG ConsoleApp410.Program - 202001132123108232
2020-01-13 21:23:10,823 [1] FATAL ConsoleApp410.Program - 202001132123108232
2020-01-13 21:23:10,824 [1] WARN ConsoleApp410.Program - 202001132123108242
2020-01-13 21:23:10,824 [1] INFO ConsoleApp410.Program - 202001132123108242
2020-01-13 21:23:10,824 [1] ERROR ConsoleApp410.Program - 202001132123108242
2020-01-13 21:23:10,824 [1] DEBUG ConsoleApp410.Program - 202001132123108242
2020-01-13 21:23:10,825 [1] FATAL ConsoleApp410.Program - 202001132123108252
2020-01-13 21:23:10,826 [1] WARN ConsoleApp410.Program - 202001132123108262
2020-01-13 21:23:10,826 [1] INFO ConsoleApp410.Program - 202001132123108262
2020-01-13 21:23:10,826 [1] ERROR ConsoleApp410.Program - 202001132123108262
2020-01-13 21:23:10,826 [1] DEBUG ConsoleApp410.Program - 202001132123108262
2020-01-13 21:23:10,827 [1] FATAL ConsoleApp410.Program - 202001132123108272
2020-01-13 21:23:10,827 [1] WARN ConsoleApp410.Program - 202001132123108272
2020-01-13 21:23:10,827 [1] INFO ConsoleApp410.Program - 202001132123108272
2020-01-13 21:23:10,827 [1] ERROR ConsoleApp410.Program - 202001132123108272
2020-01-13 21:23:10,828 [1] DEBUG ConsoleApp410.Program - 202001132123108282
2020-01-13 21:23:10,828 [1] FATAL ConsoleApp410.Program - 202001132123108282
2020-01-13 21:23:10,828 [1] WARN ConsoleApp410.Program - 202001132123108282
2020-01-13 21:23:10,828 [1] INFO ConsoleApp410.Program - 202001132123108282
2020-01-13 21:23:10,829 [1] ERROR ConsoleApp410.Program - 202001132123108292
2020-01-13 21:23:10,829 [1] DEBUG ConsoleApp410.Program - 202001132123108292
2020-01-13 21:23:10,829 [1] FATAL ConsoleApp410.Program - 202001132123108292
2020-01-13 21:23:10,829 [1] WARN ConsoleApp410.Program - 202001132123108292
2020-01-13 21:23:10,829 [1] INFO ConsoleApp410.Program - 202001132123108292
2020-01-13 21:23:10,832 [1] ERROR ConsoleApp410.Program - 202001132123108322
2020-01-13 21:23:10,833 [1] DEBUG ConsoleApp410.Program - 202001132123108332
2020-01-13 21:23:10,837 [1] FATAL ConsoleApp410.Program - 202001132123108372
2020-01-13 21:23:10,839 [1] WARN ConsoleApp410.Program - 202001132123108382
2020-01-13 21:23:10,840 [1] INFO ConsoleApp410.Program - 202001132123108402
2020-01-13 21:23:10,841 [1] ERROR ConsoleApp410.Program - 202001132123108412
2020-01-13 21:23:10,843 [1] DEBUG ConsoleApp410.Program - 202001132123108432
2020-01-13 21:23:10,844 [1] FATAL ConsoleApp410.Program - 202001132123108442
2020-01-13 21:23:10,845 [1] WARN ConsoleApp410.Program - 202001132123108452
2020-01-13 21:23:10,847 [1] INFO ConsoleApp410.Program - 202001132123108472
2020-01-13 21:23:10,849 [1] ERROR ConsoleApp410.Program - 202001132123108492
2020-01-13 21:23:10,851 [1] DEBUG ConsoleApp410.Program - 202001132123108512
2020-01-13 21:23:10,853 [1] FATAL ConsoleApp410.Program - 202001132123108532
2020-01-13 21:23:10,854 [1] WARN ConsoleApp410.Program - 202001132123108542
2020-01-13 21:23:10,856 [1] INFO ConsoleApp410.Program - 202001132123108562
2020-01-13 21:23:10,859 [1] ERROR ConsoleApp410.Program - 202001132123108592
2020-01-13 21:23:10,860 [1] DEBUG ConsoleApp410.Program - 202001132123108602
2020-01-13 21:23:10,862 [1] FATAL ConsoleApp410.Program - 202001132123108622
2020-01-13 21:23:10,863 [1] WARN ConsoleApp410.Program - 202001132123108632
2020-01-13 21:23:26,061 [1] INFO ConsoleApp410.Program - 202001132123260555
2020-01-13 21:23:26,110 [1] ERROR ConsoleApp410.Program - 202001132123261105
2020-01-13 21:23:26,142 [1] DEBUG ConsoleApp410.Program - 202001132123261414
2020-01-13 21:23:26,186 [1] FATAL ConsoleApp410.Program - 202001132123261854
2020-01-13 21:23:26,213 [1] WARN ConsoleApp410.Program - 202001132123262134
2020-01-13 21:23:26,241 [1] INFO ConsoleApp410.Program - 202001132123262414
2020-01-13 21:23:26,246 [1] ERROR ConsoleApp410.Program - 202001132123262464
2020-01-13 21:23:26,260 [1] DEBUG ConsoleApp410.Program - 202001132123262604
2020-01-13 21:23:26,282 [1] FATAL ConsoleApp410.Program - 202001132123262824
2020-01-13 21:23:26,314 [1] WARN ConsoleApp410.Program - 202001132123263143
2020-01-13 21:23:26,351 [1] INFO ConsoleApp410.Program - 202001132123263513
2020-01-13 21:23:26,379 [1] ERROR ConsoleApp410.Program - 202001132123263793
2020-01-13 21:23:26,402 [1] DEBUG ConsoleApp410.Program - 202001132123264023
2020-01-13 21:23:26,405 [1] FATAL ConsoleApp410.Program - 202001132123264053
2020-01-13 21:23:26,405 [1] WARN ConsoleApp410.Program - 202001132123264053
2020-01-13 21:23:26,406 [1] INFO ConsoleApp410.Program - 202001132123264063
2020-01-13 21:23:26,406 [1] ERROR ConsoleApp410.Program - 202001132123264063
2020-01-13 21:23:26,407 [1] DEBUG ConsoleApp410.Program - 202001132123264073
2020-01-13 21:23:26,409 [1] FATAL ConsoleApp410.Program - 202001132123264093
2020-01-13 21:23:26,410 [1] WARN ConsoleApp410.Program - 202001132123264103
2020-01-13 21:23:26,410 [1] INFO ConsoleApp410.Program - 202001132123264103
2020-01-13 21:23:26,410 [1] ERROR ConsoleApp410.Program - 202001132123264103
2020-01-13 21:23:26,411 [1] DEBUG ConsoleApp410.Program - 202001132123264113
2020-01-13 21:23:26,411 [1] FATAL ConsoleApp410.Program - 202001132123264113
2020-01-13 21:23:26,412 [1] WARN ConsoleApp410.Program - 202001132123264123
2020-01-13 21:23:26,412 [1] INFO ConsoleApp410.Program - 202001132123264123
2020-01-13 21:23:26,412 [1] ERROR ConsoleApp410.Program - 202001132123264123
2020-01-13 21:23:26,413 [1] DEBUG ConsoleApp410.Program - 202001132123264133
2020-01-13 21:23:26,413 [1] FATAL ConsoleApp410.Program - 202001132123264133
2020-01-13 21:23:26,414 [1] WARN ConsoleApp410.Program - 202001132123264143
2020-01-13 21:23:26,415 [1] INFO ConsoleApp410.Program - 202001132123264153
2020-01-13 21:23:26,423 [1] ERROR ConsoleApp410.Program - 202001132123264233
2020-01-13 21:23:26,456 [1] DEBUG ConsoleApp410.Program - 202001132123264563
2020-01-13 21:23:26,486 [1] FATAL ConsoleApp410.Program - 202001132123264863
2020-01-13 21:23:26,510 [1] WARN ConsoleApp410.Program - 202001132123265102
2020-01-13 21:23:26,526 [1] INFO ConsoleApp410.Program - 202001132123265262
2020-01-13 21:23:26,536 [1] ERROR ConsoleApp410.Program - 202001132123265362
2020-01-13 21:23:26,550 [1] DEBUG ConsoleApp410.Program - 202001132123265502
2020-01-13 21:23:26,576 [1] FATAL ConsoleApp410.Program - 202001132123265762
2020-01-13 21:23:26,590 [1] WARN ConsoleApp410.Program - 202001132123265902
2020-01-13 21:23:26,610 [1] INFO ConsoleApp410.Program - 202001132123266102
2020-01-13 21:23:26,627 [1] ERROR ConsoleApp410.Program - 202001132123266272
2020-01-13 21:23:26,631 [1] DEBUG ConsoleApp410.Program - 202001132123266312
2020-01-13 21:23:26,632 [1] FATAL ConsoleApp410.Program - 202001132123266322
2020-01-13 21:23:26,639 [1] WARN ConsoleApp410.Program - 202001132123266392
2020-01-13 21:23:26,652 [1] INFO ConsoleApp410.Program - 202001132123266522
2020-01-13 21:23:26,659 [1] ERROR ConsoleApp410.Program - 202001132123266591
2020-01-13 21:23:26,665 [1] DEBUG ConsoleApp410.Program - 202001132123266651
2020-01-13 21:23:26,671 [1] FATAL ConsoleApp410.Program - 202001132123266711
2020-01-13 21:23:26,672 [1] WARN ConsoleApp410.Program - 202001132123266721
