2020-01-13 21:25:59,532 [1] INFO ConsoleApp410.Program - 202001132125595269
2020-01-13 21:25:59,567 [1] ERROR ConsoleApp410.Program - 202001132125595678
2020-01-13 21:25:59,580 [1] DEBUG ConsoleApp410.Program - 202001132125595798
2020-01-13 21:25:59,581 [1] FATAL ConsoleApp410.Program - 202001132125595818
2020-01-13 21:25:59,582 [1] WARN ConsoleApp410.Program - 202001132125595828
2020-01-13 21:25:59,584 [1] INFO ConsoleApp410.Program - 202001132125595848
2020-01-13 21:25:59,592 [1] ERROR ConsoleApp410.Program - 202001132125595928
2020-01-13 21:25:59,601 [1] DEBUG ConsoleApp410.Program - 202001132125596018
2020-01-13 21:25:59,607 [1] FATAL ConsoleApp410.Program - 202001132125596078
2020-01-13 21:25:59,608 [1] WARN ConsoleApp410.Program - 202001132125596088
2020-01-13 21:25:59,611 [1] INFO ConsoleApp410.Program - 202001132125596118
2020-01-13 21:25:59,612 [1] ERROR ConsoleApp410.Program - 202001132125596128
2020-01-13 21:25:59,616 [1] DEBUG ConsoleApp410.Program - 202001132125596168
2020-01-13 21:25:59,634 [1] FATAL ConsoleApp410.Program - 202001132125596348
2020-01-13 21:25:59,647 [1] WARN ConsoleApp410.Program - 202001132125596478
2020-01-13 21:25:59,679 [1] INFO ConsoleApp410.Program - 202001132125596798
2020-01-13 21:25:59,769 [1] ERROR ConsoleApp410.Program - 202001132125597697
2020-01-13 21:25:59,808 [1] DEBUG ConsoleApp410.Program - 202001132125598087
2020-01-13 21:25:59,860 [1] FATAL ConsoleApp410.Program - 202001132125598607
2020-01-13 21:25:59,888 [1] WARN ConsoleApp410.Program - 202001132125598887
2020-01-13 21:25:59,906 [1] INFO ConsoleApp410.Program - 202001132125599067
2020-01-13 21:25:59,927 [1] ERROR ConsoleApp410.Program - 202001132125599276
2020-01-13 21:25:59,940 [1] DEBUG ConsoleApp410.Program - 202001132125599406
2020-01-13 21:25:59,941 [1] FATAL ConsoleApp410.Program - 202001132125599416
2020-01-13 21:25:59,942 [1] WARN ConsoleApp410.Program - 202001132125599426
2020-01-13 21:25:59,945 [1] INFO ConsoleApp410.Program - 202001132125599456
2020-01-13 21:25:59,950 [1] ERROR ConsoleApp410.Program - 202001132125599506
2020-01-13 21:25:59,961 [1] DEBUG ConsoleApp410.Program - 202001132125599616
2020-01-13 21:25:59,966 [1] FATAL ConsoleApp410.Program - 202001132125599666
2020-01-13 21:25:59,987 [1] WARN ConsoleApp410.Program - 202001132125599876
2020-01-13 21:26:00,011 [1] INFO ConsoleApp410.Program - 202001132126000116
2020-01-13 21:26:00,049 [1] ERROR ConsoleApp410.Program - 202001132126000496
2020-01-13 21:26:00,062 [1] DEBUG ConsoleApp410.Program - 202001132126000626
2020-01-13 21:26:00,068 [1] FATAL ConsoleApp410.Program - 202001132126000686
2020-01-13 21:26:00,107 [1] WARN ConsoleApp410.Program - 202001132126001075
2020-01-13 21:26:00,140 [1] INFO ConsoleApp410.Program - 202001132126001405
2020-01-13 21:26:00,178 [1] ERROR ConsoleApp410.Program - 202001132126001785
2020-01-13 21:26:00,194 [1] DEBUG ConsoleApp410.Program - 202001132126001945
2020-01-13 21:26:00,273 [1] FATAL ConsoleApp410.Program - 202001132126002734
2020-01-13 21:26:00,280 [1] WARN ConsoleApp410.Program - 202001132126002804
2020-01-13 21:26:00,286 [1] INFO ConsoleApp410.Program - 202001132126002864
2020-01-13 21:26:00,292 [1] ERROR ConsoleApp410.Program - 202001132126002924
2020-01-13 21:26:00,295 [1] DEBUG ConsoleApp410.Program - 202001132126002954
2020-01-13 21:26:00,303 [1] FATAL ConsoleApp410.Program - 202001132126003034
2020-01-13 21:26:00,323 [1] WARN ConsoleApp410.Program - 202001132126003234
2020-01-13 21:26:00,336 [1] INFO ConsoleApp410.Program - 202001132126003364
2020-01-13 21:26:00,341 [1] ERROR ConsoleApp410.Program - 202001132126003414
2020-01-13 21:26:00,347 [1] DEBUG ConsoleApp410.Program - 202001132126003474
2020-01-13 21:26:00,353 [1] FATAL ConsoleApp410.Program - 202001132126003534
2020-01-13 21:26:00,359 [1] WARN ConsoleApp410.Program - 202001132126003594
