2020-01-13 21:23:52,716 [1] INFO ConsoleApp410.Program - 202001132123527117
2020-01-13 21:23:52,735 [1] ERROR ConsoleApp410.Program - 202001132123527357
2020-01-13 21:23:52,735 [1] DEBUG ConsoleApp410.Program - 202001132123527357
2020-01-13 21:23:52,736 [1] FATAL ConsoleApp410.Program - 202001132123527357
2020-01-13 21:23:52,736 [1] WARN ConsoleApp410.Program - 202001132123527367
2020-01-13 21:23:52,736 [1] INFO ConsoleApp410.Program - 202001132123527367
2020-01-13 21:23:52,736 [1] ERROR ConsoleApp410.Program - 202001132123527367
2020-01-13 21:23:52,737 [1] DEBUG ConsoleApp410.Program - 202001132123527377
2020-01-13 21:23:52,737 [1] FATAL ConsoleApp410.Program - 202001132123527377
2020-01-13 21:23:52,748 [1] WARN ConsoleApp410.Program - 202001132123527486
2020-01-13 21:23:52,749 [1] INFO ConsoleApp410.Program - 202001132123527496
2020-01-13 21:23:52,749 [1] ERROR ConsoleApp410.Program - 202001132123527496
2020-01-13 21:23:52,750 [1] DEBUG ConsoleApp410.Program - 202001132123527506
2020-01-13 21:23:52,750 [1] FATAL ConsoleApp410.Program - 202001132123527506
2020-01-13 21:23:52,750 [1] WARN ConsoleApp410.Program - 202001132123527506
2020-01-13 21:23:52,750 [1] INFO ConsoleApp410.Program - 202001132123527506
2020-01-13 21:23:52,750 [1] ERROR ConsoleApp410.Program - 202001132123527506
2020-01-13 21:23:52,751 [1] DEBUG ConsoleApp410.Program - 202001132123527516
2020-01-13 21:23:52,751 [1] FATAL ConsoleApp410.Program - 202001132123527516
2020-01-13 21:23:52,751 [1] WARN ConsoleApp410.Program - 202001132123527516
2020-01-13 21:23:52,752 [1] INFO ConsoleApp410.Program - 202001132123527526
2020-01-13 21:23:52,752 [1] ERROR ConsoleApp410.Program - 202001132123527526
2020-01-13 21:23:52,752 [1] DEBUG ConsoleApp410.Program - 202001132123527526
2020-01-13 21:23:52,753 [1] FATAL ConsoleApp410.Program - 202001132123527536
2020-01-13 21:23:52,753 [1] WARN ConsoleApp410.Program - 202001132123527536
2020-01-13 21:23:52,753 [1] INFO ConsoleApp410.Program - 202001132123527536
2020-01-13 21:23:52,753 [1] ERROR ConsoleApp410.Program - 202001132123527536
2020-01-13 21:23:52,754 [1] DEBUG ConsoleApp410.Program - 202001132123527546
2020-01-13 21:23:52,754 [1] FATAL ConsoleApp410.Program - 202001132123527546
2020-01-13 21:23:52,754 [1] WARN ConsoleApp410.Program - 202001132123527546
2020-01-13 21:23:52,754 [1] INFO ConsoleApp410.Program - 202001132123527546
2020-01-13 21:23:52,755 [1] ERROR ConsoleApp410.Program - 202001132123527556
2020-01-13 21:23:52,756 [1] DEBUG ConsoleApp410.Program - 202001132123527566
2020-01-13 21:23:52,757 [1] FATAL ConsoleApp410.Program - 202001132123527576
2020-01-13 21:23:52,760 [1] WARN ConsoleApp410.Program - 202001132123527606
2020-01-13 21:23:52,762 [1] INFO ConsoleApp410.Program - 202001132123527626
2020-01-13 21:23:52,763 [1] ERROR ConsoleApp410.Program - 202001132123527636
2020-01-13 21:23:52,764 [1] DEBUG ConsoleApp410.Program - 202001132123527646
2020-01-13 21:23:52,765 [1] FATAL ConsoleApp410.Program - 202001132123527656
2020-01-13 21:23:52,766 [1] WARN ConsoleApp410.Program - 202001132123527666
2020-01-13 21:23:52,767 [1] INFO ConsoleApp410.Program - 202001132123527676
2020-01-13 21:23:52,769 [1] ERROR ConsoleApp410.Program - 202001132123527696
2020-01-13 21:23:52,773 [1] DEBUG ConsoleApp410.Program - 202001132123527726
2020-01-13 21:23:52,774 [1] FATAL ConsoleApp410.Program - 202001132123527746
2020-01-13 21:23:52,775 [1] WARN ConsoleApp410.Program - 202001132123527756
2020-01-13 21:23:52,776 [1] INFO ConsoleApp410.Program - 202001132123527766
2020-01-13 21:23:52,777 [1] ERROR ConsoleApp410.Program - 202001132123527776
2020-01-13 21:23:52,778 [1] DEBUG ConsoleApp410.Program - 202001132123527786
2020-01-13 21:23:52,780 [1] FATAL ConsoleApp410.Program - 202001132123527806
2020-01-13 21:23:52,780 [1] WARN ConsoleApp410.Program - 202001132123527806
