2020-01-13 21:24:30,987 [1] INFO ConsoleApp410.Program - 202001132124309804
2020-01-13 21:24:31,015 [1] ERROR ConsoleApp410.Program - 202001132124310154
2020-01-13 21:24:31,016 [1] DEBUG ConsoleApp410.Program - 202001132124310154
2020-01-13 21:24:31,017 [1] FATAL ConsoleApp410.Program - 202001132124310164
2020-01-13 21:24:31,017 [1] WARN ConsoleApp410.Program - 202001132124310174
2020-01-13 21:24:31,018 [1] INFO ConsoleApp410.Program - 202001132124310184
2020-01-13 21:24:31,018 [1] ERROR ConsoleApp410.Program - 202001132124310184
2020-01-13 21:24:31,020 [1] DEBUG ConsoleApp410.Program - 202001132124310194
2020-01-13 21:24:31,020 [1] FATAL ConsoleApp410.Program - 202001132124310204
2020-01-13 21:24:31,022 [1] WARN ConsoleApp410.Program - 202001132124310224
2020-01-13 21:24:31,022 [1] INFO ConsoleApp410.Program - 202001132124310224
2020-01-13 21:24:31,023 [1] ERROR ConsoleApp410.Program - 202001132124310234
2020-01-13 21:24:31,023 [1] DEBUG ConsoleApp410.Program - 202001132124310234
2020-01-13 21:24:31,023 [1] FATAL ConsoleApp410.Program - 202001132124310234
2020-01-13 21:24:31,023 [1] WARN ConsoleApp410.Program - 202001132124310234
2020-01-13 21:24:31,024 [1] INFO ConsoleApp410.Program - 202001132124310244
2020-01-13 21:24:31,024 [1] ERROR ConsoleApp410.Program - 202001132124310244
2020-01-13 21:24:31,024 [1] DEBUG ConsoleApp410.Program - 202001132124310244
2020-01-13 21:24:31,025 [1] FATAL ConsoleApp410.Program - 202001132124310254
2020-01-13 21:24:31,025 [1] WARN ConsoleApp410.Program - 202001132124310254
2020-01-13 21:24:31,025 [1] INFO ConsoleApp410.Program - 202001132124310254
2020-01-13 21:24:31,025 [1] ERROR ConsoleApp410.Program - 202001132124310254
2020-01-13 21:24:31,026 [1] DEBUG ConsoleApp410.Program - 202001132124310264
2020-01-13 21:24:31,026 [1] FATAL ConsoleApp410.Program - 202001132124310264
2020-01-13 21:24:31,026 [1] WARN ConsoleApp410.Program - 202001132124310264
2020-01-13 21:24:31,026 [1] INFO ConsoleApp410.Program - 202001132124310264
2020-01-13 21:24:31,027 [1] ERROR ConsoleApp410.Program - 202001132124310274
2020-01-13 21:24:31,027 [1] DEBUG ConsoleApp410.Program - 202001132124310274
2020-01-13 21:24:31,027 [1] FATAL ConsoleApp410.Program - 202001132124310274
2020-01-13 21:24:31,028 [1] WARN ConsoleApp410.Program - 202001132124310284
2020-01-13 21:24:31,028 [1] INFO ConsoleApp410.Program - 202001132124310284
2020-01-13 21:24:31,033 [1] ERROR ConsoleApp410.Program - 202001132124310334
2020-01-13 21:24:31,035 [1] DEBUG ConsoleApp410.Program - 202001132124310354
2020-01-13 21:24:31,038 [1] FATAL ConsoleApp410.Program - 202001132124310384
2020-01-13 21:24:31,040 [1] WARN ConsoleApp410.Program - 202001132124310404
2020-01-13 21:24:31,041 [1] INFO ConsoleApp410.Program - 202001132124310414
2020-01-13 21:24:31,042 [1] ERROR ConsoleApp410.Program - 202001132124310424
2020-01-13 21:24:31,048 [1] DEBUG ConsoleApp410.Program - 202001132124310484
2020-01-13 21:24:31,055 [1] FATAL ConsoleApp410.Program - 202001132124310554
2020-01-13 21:24:31,068 [1] WARN ConsoleApp410.Program - 202001132124310684
2020-01-13 21:24:31,075 [1] INFO ConsoleApp410.Program - 202001132124310754
2020-01-13 21:24:31,077 [1] ERROR ConsoleApp410.Program - 202001132124310764
2020-01-13 21:24:31,078 [1] DEBUG ConsoleApp410.Program - 202001132124310774
2020-01-13 21:24:31,079 [1] FATAL ConsoleApp410.Program - 202001132124310794
2020-01-13 21:24:31,084 [1] WARN ConsoleApp410.Program - 202001132124310844
2020-01-13 21:24:31,085 [1] INFO ConsoleApp410.Program - 202001132124310854
2020-01-13 21:24:31,089 [1] ERROR ConsoleApp410.Program - 202001132124310894
2020-01-13 21:24:31,089 [1] DEBUG ConsoleApp410.Program - 202001132124310894
2020-01-13 21:24:31,091 [1] FATAL ConsoleApp410.Program - 202001132124310914
2020-01-13 21:24:31,163 [1] WARN ConsoleApp410.Program - 202001132124311633
