2020-01-13 21:27:36,133 [1] INFO ConsoleApp410.Program - 202001132127361291
2020-01-13 21:27:36,156 [1] ERROR ConsoleApp410.Program - 202001132127361561
2020-01-13 21:27:36,157 [1] DEBUG ConsoleApp410.Program - 202001132127361571
2020-01-13 21:27:36,157 [1] FATAL ConsoleApp410.Program - 202001132127361571
2020-01-13 21:27:36,158 [1] WARN ConsoleApp410.Program - 202001132127361581
2020-01-13 21:27:36,158 [1] INFO ConsoleApp410.Program - 202001132127361581
2020-01-13 21:27:36,159 [1] ERROR ConsoleApp410.Program - 202001132127361591
2020-01-13 21:27:36,159 [1] DEBUG ConsoleApp410.Program - 202001132127361591
2020-01-13 21:27:36,160 [1] FATAL ConsoleApp410.Program - 202001132127361601
2020-01-13 21:27:36,162 [1] WARN ConsoleApp410.Program - 202001132127361621
2020-01-13 21:27:36,162 [1] INFO ConsoleApp410.Program - 202001132127361621
2020-01-13 21:27:36,162 [1] ERROR ConsoleApp410.Program - 202001132127361621
2020-01-13 21:27:36,163 [1] DEBUG ConsoleApp410.Program - 202001132127361631
2020-01-13 21:27:36,163 [1] FATAL ConsoleApp410.Program - 202001132127361631
2020-01-13 21:27:36,163 [1] WARN ConsoleApp410.Program - 202001132127361631
2020-01-13 21:27:36,163 [1] INFO ConsoleApp410.Program - 202001132127361631
2020-01-13 21:27:36,164 [1] ERROR ConsoleApp410.Program - 202001132127361641
2020-01-13 21:27:36,164 [1] DEBUG ConsoleApp410.Program - 202001132127361641
2020-01-13 21:27:36,164 [1] FATAL ConsoleApp410.Program - 202001132127361641
2020-01-13 21:27:36,164 [1] WARN ConsoleApp410.Program - 202001132127361641
2020-01-13 21:27:36,165 [1] INFO ConsoleApp410.Program - 202001132127361651
2020-01-13 21:27:36,165 [1] ERROR ConsoleApp410.Program - 202001132127361651
2020-01-13 21:27:36,165 [1] DEBUG ConsoleApp410.Program - 202001132127361651
2020-01-13 21:27:36,165 [1] FATAL ConsoleApp410.Program - 202001132127361651
2020-01-13 21:27:36,166 [1] WARN ConsoleApp410.Program - 202001132127361661
2020-01-13 21:27:36,166 [1] INFO ConsoleApp410.Program - 202001132127361661
2020-01-13 21:27:36,166 [1] ERROR ConsoleApp410.Program - 202001132127361661
2020-01-13 21:27:36,166 [1] DEBUG ConsoleApp410.Program - 202001132127361661
2020-01-13 21:27:36,166 [1] FATAL ConsoleApp410.Program - 202001132127361661
2020-01-13 21:27:36,167 [1] WARN ConsoleApp410.Program - 202001132127361671
2020-01-13 21:27:36,167 [1] INFO ConsoleApp410.Program - 202001132127361671
2020-01-13 21:27:36,168 [1] ERROR ConsoleApp410.Program - 202001132127361681
2020-01-13 21:27:36,174 [1] DEBUG ConsoleApp410.Program - 202001132127361741
2020-01-13 21:27:36,175 [1] FATAL ConsoleApp410.Program - 202001132127361751
2020-01-13 21:27:36,176 [1] WARN ConsoleApp410.Program - 202001132127361761
2020-01-13 21:27:36,177 [1] INFO ConsoleApp410.Program - 202001132127361771
2020-01-13 21:27:36,178 [1] ERROR ConsoleApp410.Program - 202001132127361781
2020-01-13 21:27:36,179 [1] DEBUG ConsoleApp410.Program - 202001132127361791
2020-01-13 21:27:36,180 [1] FATAL ConsoleApp410.Program - 202001132127361801
2020-01-13 21:27:36,181 [1] WARN ConsoleApp410.Program - 202001132127361811
2020-01-13 21:27:36,183 [1] INFO ConsoleApp410.Program - 202001132127361831
2020-01-13 21:27:36,187 [1] ERROR ConsoleApp410.Program - 202001132127361871
2020-01-13 21:27:36,188 [1] DEBUG ConsoleApp410.Program - 202001132127361881
2020-01-13 21:27:36,189 [1] FATAL ConsoleApp410.Program - 202001132127361891
2020-01-13 21:27:36,190 [1] WARN ConsoleApp410.Program - 202001132127361901
2020-01-13 21:27:36,191 [1] INFO ConsoleApp410.Program - 202001132127361911
2020-01-13 21:27:36,193 [1] ERROR ConsoleApp410.Program - 202001132127361931
2020-01-13 21:27:36,194 [1] DEBUG ConsoleApp410.Program - 202001132127361941
2020-01-13 21:27:36,197 [1] FATAL ConsoleApp410.Program - 202001132127361971
2020-01-13 21:27:36,198 [1] WARN ConsoleApp410.Program - 202001132127361981
