2020-01-13 21:24:55,976 [1] INFO ConsoleApp410.Program - 202001132124559711
2020-01-13 21:24:55,997 [1] ERROR ConsoleApp410.Program - 202001132124559961
2020-01-13 21:24:55,997 [1] DEBUG ConsoleApp410.Program - 202001132124559971
2020-01-13 21:24:55,997 [1] FATAL ConsoleApp410.Program - 202001132124559971
2020-01-13 21:24:55,998 [1] WARN ConsoleApp410.Program - 202001132124559981
2020-01-13 21:24:55,999 [1] INFO ConsoleApp410.Program - 202001132124559991
2020-01-13 21:24:55,999 [1] ERROR ConsoleApp410.Program - 202001132124559991
2020-01-13 21:24:56,000 [1] DEBUG ConsoleApp410.Program - 202001132124560001
2020-01-13 21:24:56,000 [1] FATAL ConsoleApp410.Program - 202001132124560001
2020-01-13 21:24:56,001 [1] WARN ConsoleApp410.Program - 202001132124560011
2020-01-13 21:24:56,001 [1] INFO ConsoleApp410.Program - 202001132124560011
2020-01-13 21:24:56,001 [1] ERROR ConsoleApp410.Program - 202001132124560011
2020-01-13 21:24:56,002 [1] DEBUG ConsoleApp410.Program - 202001132124560021
2020-01-13 21:24:56,002 [1] FATAL ConsoleApp410.Program - 202001132124560021
2020-01-13 21:24:56,002 [1] WARN ConsoleApp410.Program - 202001132124560021
2020-01-13 21:24:56,002 [1] INFO ConsoleApp410.Program - 202001132124560021
2020-01-13 21:24:56,003 [1] ERROR ConsoleApp410.Program - 202001132124560031
2020-01-13 21:24:56,003 [1] DEBUG ConsoleApp410.Program - 202001132124560031
2020-01-13 21:24:56,003 [1] FATAL ConsoleApp410.Program - 202001132124560031
2020-01-13 21:24:56,003 [1] WARN ConsoleApp410.Program - 202001132124560031
2020-01-13 21:24:56,004 [1] INFO ConsoleApp410.Program - 202001132124560040
2020-01-13 21:24:56,004 [1] ERROR ConsoleApp410.Program - 202001132124560040
2020-01-13 21:24:56,004 [1] DEBUG ConsoleApp410.Program - 202001132124560040
2020-01-13 21:24:56,004 [1] FATAL ConsoleApp410.Program - 202001132124560040
2020-01-13 21:24:56,005 [1] WARN ConsoleApp410.Program - 202001132124560050
2020-01-13 21:24:56,005 [1] INFO ConsoleApp410.Program - 202001132124560050
2020-01-13 21:24:56,005 [1] ERROR ConsoleApp410.Program - 202001132124560050
2020-01-13 21:24:56,005 [1] DEBUG ConsoleApp410.Program - 202001132124560050
2020-01-13 21:24:56,006 [1] FATAL ConsoleApp410.Program - 202001132124560060
2020-01-13 21:24:56,006 [1] WARN ConsoleApp410.Program - 202001132124560060
2020-01-13 21:24:56,006 [1] INFO ConsoleApp410.Program - 202001132124560060
2020-01-13 21:24:56,007 [1] ERROR ConsoleApp410.Program - 202001132124560070
2020-01-13 21:24:56,008 [1] DEBUG ConsoleApp410.Program - 202001132124560080
2020-01-13 21:24:56,013 [1] FATAL ConsoleApp410.Program - 202001132124560130
2020-01-13 21:24:56,014 [1] WARN ConsoleApp410.Program - 202001132124560140
2020-01-13 21:24:56,016 [1] INFO ConsoleApp410.Program - 202001132124560160
2020-01-13 21:24:56,017 [1] ERROR ConsoleApp410.Program - 202001132124560170
2020-01-13 21:24:56,018 [1] DEBUG ConsoleApp410.Program - 202001132124560180
2020-01-13 21:24:56,022 [1] FATAL ConsoleApp410.Program - 202001132124560221
2020-01-13 21:24:56,024 [1] WARN ConsoleApp410.Program - 202001132124560240
2020-01-13 21:24:56,025 [1] INFO ConsoleApp410.Program - 202001132124560250
2020-01-13 21:24:56,026 [1] ERROR ConsoleApp410.Program - 202001132124560260
2020-01-13 21:24:56,027 [1] DEBUG ConsoleApp410.Program - 202001132124560270
2020-01-13 21:24:56,028 [1] FATAL ConsoleApp410.Program - 202001132124560280
2020-01-13 21:24:56,030 [1] WARN ConsoleApp410.Program - 202001132124560300
2020-01-13 21:24:56,032 [1] INFO ConsoleApp410.Program - 202001132124560320
2020-01-13 21:24:56,034 [1] ERROR ConsoleApp410.Program - 202001132124560340
2020-01-13 21:24:56,036 [1] DEBUG ConsoleApp410.Program - 202001132124560360
2020-01-13 21:24:56,039 [1] FATAL ConsoleApp410.Program - 202001132124560390
2020-01-13 21:24:56,040 [1] WARN ConsoleApp410.Program - 202001132124560400
