2020-01-13 21:09:26,228 [1] INFO ConsoleApp410.Program - 202001132109262211
2020-01-13 21:09:26,251 [1] ERROR ConsoleApp410.Program - 202001132109262511
2020-01-13 21:09:26,252 [1] DEBUG ConsoleApp410.Program - 202001132109262511
2020-01-13 21:09:26,252 [1] FATAL ConsoleApp410.Program - 202001132109262521
2020-01-13 21:09:26,253 [1] WARN ConsoleApp410.Program - 202001132109262521
2020-01-13 21:09:26,253 [1] INFO ConsoleApp410.Program - 202001132109262531
2020-01-13 21:09:26,253 [1] ERROR ConsoleApp410.Program - 202001132109262531
2020-01-13 21:09:26,254 [1] DEBUG ConsoleApp410.Program - 202001132109262541
2020-01-13 21:09:26,254 [1] FATAL ConsoleApp410.Program - 202001132109262541
2020-01-13 21:09:26,254 [1] WARN ConsoleApp410.Program - 202001132109262541
2020-01-13 21:09:26,256 [1] INFO ConsoleApp410.Program - 202001132109262561
2020-01-13 21:09:26,256 [1] ERROR ConsoleApp410.Program - 202001132109262561
2020-01-13 21:09:26,257 [1] DEBUG ConsoleApp410.Program - 202001132109262571
2020-01-13 21:09:26,257 [1] FATAL ConsoleApp410.Program - 202001132109262571
2020-01-13 21:09:26,257 [1] WARN ConsoleApp410.Program - 202001132109262571
2020-01-13 21:09:26,257 [1] INFO ConsoleApp410.Program - 202001132109262571
2020-01-13 21:09:26,258 [1] ERROR ConsoleApp410.Program - 202001132109262581
2020-01-13 21:09:26,258 [1] DEBUG ConsoleApp410.Program - 202001132109262581
2020-01-13 21:09:26,258 [1] FATAL ConsoleApp410.Program - 202001132109262581
2020-01-13 21:09:26,258 [1] WARN ConsoleApp410.Program - 202001132109262581
2020-01-13 21:09:26,259 [1] INFO ConsoleApp410.Program - 202001132109262591
2020-01-13 21:09:26,259 [1] ERROR ConsoleApp410.Program - 202001132109262591
2020-01-13 21:09:26,259 [1] DEBUG ConsoleApp410.Program - 202001132109262591
2020-01-13 21:09:26,259 [1] FATAL ConsoleApp410.Program - 202001132109262591
2020-01-13 21:09:26,259 [1] WARN ConsoleApp410.Program - 202001132109262591
2020-01-13 21:09:26,260 [1] INFO ConsoleApp410.Program - 202001132109262601
2020-01-13 21:09:26,260 [1] ERROR ConsoleApp410.Program - 202001132109262601
2020-01-13 21:09:26,260 [1] DEBUG ConsoleApp410.Program - 202001132109262601
2020-01-13 21:09:26,260 [1] FATAL ConsoleApp410.Program - 202001132109262601
2020-01-13 21:09:26,261 [1] WARN ConsoleApp410.Program - 202001132109262611
2020-01-13 21:09:26,261 [1] INFO ConsoleApp410.Program - 202001132109262611
2020-01-13 21:09:26,262 [1] ERROR ConsoleApp410.Program - 202001132109262621
2020-01-13 21:09:26,264 [1] DEBUG ConsoleApp410.Program - 202001132109262641
2020-01-13 21:09:26,269 [1] FATAL ConsoleApp410.Program - 202001132109262691
2020-01-13 21:09:26,270 [1] WARN ConsoleApp410.Program - 202001132109262701
2020-01-13 21:09:26,271 [1] INFO ConsoleApp410.Program - 202001132109262711
2020-01-13 21:09:26,273 [1] ERROR ConsoleApp410.Program - 202001132109262731
2020-01-13 21:09:26,274 [1] DEBUG ConsoleApp410.Program - 202001132109262741
2020-01-13 21:09:26,275 [1] FATAL ConsoleApp410.Program - 202001132109262751
2020-01-13 21:09:26,276 [1] WARN ConsoleApp410.Program - 202001132109262761
2020-01-13 21:09:26,277 [1] INFO ConsoleApp410.Program - 202001132109262761
2020-01-13 21:09:26,279 [1] ERROR ConsoleApp410.Program - 202001132109262791
2020-01-13 21:09:26,281 [1] DEBUG ConsoleApp410.Program - 202001132109262811
2020-01-13 21:09:26,281 [1] FATAL ConsoleApp410.Program - 202001132109262811
2020-01-13 21:09:26,283 [1] WARN ConsoleApp410.Program - 202001132109262831
2020-01-13 21:09:26,285 [1] INFO ConsoleApp410.Program - 202001132109262851
2020-01-13 21:09:26,286 [1] ERROR ConsoleApp410.Program - 202001132109262861
2020-01-13 21:09:26,287 [1] DEBUG ConsoleApp410.Program - 202001132109262871
2020-01-13 21:09:26,291 [1] FATAL ConsoleApp410.Program - 202001132109262911
2020-01-13 21:09:26,292 [1] WARN ConsoleApp410.Program - 202001132109262921
