2020-01-13 20:26:41,725 [1] INFO ConsoleApp410.Program - 202001132026417185
2020-01-13 20:26:41,751 [1] ERROR ConsoleApp410.Program - 202001132026417504
2020-01-13 20:26:41,751 [1] DEBUG ConsoleApp410.Program - 202001132026417514
2020-01-13 20:26:41,752 [1] FATAL ConsoleApp410.Program - 202001132026417524
2020-01-13 20:26:41,752 [1] WARN ConsoleApp410.Program - 202001132026417524
2020-01-13 20:26:41,753 [1] INFO ConsoleApp410.Program - 202001132026417534
2020-01-13 20:26:41,753 [1] ERROR ConsoleApp410.Program - 202001132026417534
2020-01-13 20:26:41,754 [1] DEBUG ConsoleApp410.Program - 202001132026417544
2020-01-13 20:26:41,756 [1] FATAL ConsoleApp410.Program - 202001132026417564
2020-01-13 20:26:41,756 [1] WARN ConsoleApp410.Program - 202001132026417564
2020-01-13 20:26:41,757 [1] INFO ConsoleApp410.Program - 202001132026417574
2020-01-13 20:26:41,757 [1] ERROR ConsoleApp410.Program - 202001132026417574
2020-01-13 20:26:41,757 [1] DEBUG ConsoleApp410.Program - 202001132026417574
2020-01-13 20:26:41,757 [1] FATAL ConsoleApp410.Program - 202001132026417574
2020-01-13 20:26:41,758 [1] WARN ConsoleApp410.Program - 202001132026417584
2020-01-13 20:26:41,758 [1] INFO ConsoleApp410.Program - 202001132026417584
2020-01-13 20:26:41,758 [1] ERROR ConsoleApp410.Program - 202001132026417584
2020-01-13 20:26:41,758 [1] DEBUG ConsoleApp410.Program - 202001132026417584
2020-01-13 20:26:41,759 [1] FATAL ConsoleApp410.Program - 202001132026417594
2020-01-13 20:26:41,759 [1] WARN ConsoleApp410.Program - 202001132026417594
2020-01-13 20:26:41,759 [1] INFO ConsoleApp410.Program - 202001132026417594
2020-01-13 20:26:41,759 [1] ERROR ConsoleApp410.Program - 202001132026417594
2020-01-13 20:26:41,760 [1] DEBUG ConsoleApp410.Program - 202001132026417604
2020-01-13 20:26:41,760 [1] FATAL ConsoleApp410.Program - 202001132026417604
2020-01-13 20:26:41,760 [1] WARN ConsoleApp410.Program - 202001132026417604
2020-01-13 20:26:41,760 [1] INFO ConsoleApp410.Program - 202001132026417604
2020-01-13 20:26:41,761 [1] ERROR ConsoleApp410.Program - 202001132026417614
2020-01-13 20:26:41,761 [1] DEBUG ConsoleApp410.Program - 202001132026417614
2020-01-13 20:26:41,761 [1] FATAL ConsoleApp410.Program - 202001132026417614
2020-01-13 20:26:41,762 [1] WARN ConsoleApp410.Program - 202001132026417624
2020-01-13 20:26:41,763 [1] INFO ConsoleApp410.Program - 202001132026417634
2020-01-13 20:26:41,764 [1] ERROR ConsoleApp410.Program - 202001132026417644
2020-01-13 20:26:41,770 [1] DEBUG ConsoleApp410.Program - 202001132026417704
2020-01-13 20:26:41,771 [1] FATAL ConsoleApp410.Program - 202001132026417714
2020-01-13 20:26:41,773 [1] WARN ConsoleApp410.Program - 202001132026417734
2020-01-13 20:26:41,774 [1] INFO ConsoleApp410.Program - 202001132026417744
2020-01-13 20:26:41,775 [1] ERROR ConsoleApp410.Program - 202001132026417754
2020-01-13 20:26:41,776 [1] DEBUG ConsoleApp410.Program - 202001132026417764
2020-01-13 20:26:41,777 [1] FATAL ConsoleApp410.Program - 202001132026417774
2020-01-13 20:26:41,779 [1] WARN ConsoleApp410.Program - 202001132026417794
2020-01-13 20:26:41,782 [1] INFO ConsoleApp410.Program - 202001132026417824
2020-01-13 20:26:41,783 [1] ERROR ConsoleApp410.Program - 202001132026417834
2020-01-13 20:26:41,786 [1] DEBUG ConsoleApp410.Program - 202001132026417864
2020-01-13 20:26:41,787 [1] FATAL ConsoleApp410.Program - 202001132026417874
2020-01-13 20:26:41,788 [1] WARN ConsoleApp410.Program - 202001132026417884
2020-01-13 20:26:41,790 [1] INFO ConsoleApp410.Program - 202001132026417904
2020-01-13 20:26:41,794 [1] ERROR ConsoleApp410.Program - 202001132026417944
2020-01-13 20:26:41,795 [1] DEBUG ConsoleApp410.Program - 202001132026417954
2020-01-13 20:26:41,798 [1] FATAL ConsoleApp410.Program - 202001132026417984
2020-01-13 20:26:41,800 [1] WARN ConsoleApp410.Program - 202001132026418004
